npm error code ERESOLVE
npm error ERESOLVE could not resolve
npm error
npm error While resolving: vaul@0.9.9
npm error Found: react@19.1.0
npm error node_modules/react
npm error   peer react@"^18.0.0 || ^19.0.0 || ^19.0.0-0" from @clerk/clerk-react@5.49.1
npm error   node_modules/@clerk/clerk-react
npm error     @clerk/clerk-react@"^5.49.1" from @clerk/nextjs@6.33.1
npm error     node_modules/@clerk/nextjs
npm error       @clerk/nextjs@"^6.33.1" from the root project
npm error   peer react@"^18.0.0 || ^19.0.0 || ^19.0.0-0" from @clerk/nextjs@6.33.1
npm error   node_modules/@clerk/nextjs
npm error     @clerk/nextjs@"^6.33.1" from the root project
npm error   327 more (@clerk/shared, @floating-ui/react-dom, ...)
npm error
npm error Could not resolve dependency:
npm error peer react@"^16.8 || ^17.0 || ^18.0" from vaul@0.9.9
npm error node_modules/vaul
npm error   vaul@"^0.9.6" from the root project
npm error
npm error Conflicting peer dependency: react@18.3.1
npm error node_modules/react
npm error   peer react@"^16.8 || ^17.0 || ^18.0" from vaul@0.9.9
npm error   node_modules/vaul
npm error     vaul@"^0.9.6" from the root project
npm error
npm error Fix the upstream dependency conflict, or retry
npm error this command with --force or --legacy-peer-deps
npm error to accept an incorrect (and potentially broken) dependency resolution.
npm error
npm error
npm error For a full report see:
npm error C:\Users\NTECH\AppData\Local\npm-cache\_logs\2025-10-05T23_41_42_161Z-eresolve-report.txt
npm error A complete log of this run can be found in: C:\Users\NTECH\AppData\Local\npm-cache\_logs\2025-10-05T23_41_42_161Z-debug-0.log
